<?xml version="1.0" encoding="UTF-8"?>
<testsuite xmlns:xsi="http://www.w3.org/2001/XMLSchema-instance" xsi:noNamespaceSchemaLocation="https://maven.apache.org/surefire/maven-surefire-plugin/xsd/surefire-test-report-3.0.xsd" version="3.0" name="com.example.demo.app.ElArtesanoApplicationTests" time="5.173" tests="1" errors="0" skipped="0" failures="0">
  <properties>
[...]
</properties>
  <testcase name="contextLoads" classname="com.example.demo.app.ElArtesanoApplicationTests" time="1.025">
    <system-out><![CDATA[22:50:34.791 [main] INFO org.springframework.test.context.support.AnnotationConfigContextLoaderUtils -- Could not detect default configuration classes for test class [com.example.demo.app.ElArtesanoApplicationTests]: ElArtesanoApplicationTests does not declare any static, non-private, non-final, nested classes annotated with @Configuration.
22:50:34.945 [main] INFO org.springframework.boot.test.context.SpringBootTestContextBootstrapper -- Found @SpringBootConfiguration com.example.demo.app.ElArtesanoApplication for test class com.example.demo.app.ElArtesanoApplicationTests
22:50:35.189 [main] INFO org.springframework.boot.devtools.restart.RestartApplicationListener -- Restart disabled due to context in which it is running

  .   ____          _            __ _ _
 /\\ / ___'_ __ _ _(_)_ __  __ _ \ \ \ \
( ( )\___ | '_ | '_| | '_ \/ _` | \ \ \ \
 \\/  ___)| |_)| | | | | || (_| |  ) ) ) )
  '  |____| .__|_| |_|_| |_\__, | / / / /
 =========|_|==============|___/=/_/_/_/
 :: Spring Boot ::                (v3.1.5)

2023-11-26T22:50:35.473-05:00  INFO 18264 --- [           main] c.e.demo.app.ElArtesanoApplicationTests  : Starting ElArtesanoApplicationTests using Java 17.0.7 with PID 18264 (started by Sandra in C:\Users\Sandra\Downloads\EL_ARTESANO)
2023-11-26T22:50:35.475-05:00  INFO 18264 --- [           main] c.e.demo.app.ElArtesanoApplicationTests  : No active profile set, falling back to 1 default profile: "default"
2023-11-26T22:50:36.357-05:00  INFO 18264 --- [           main] .s.d.r.c.RepositoryConfigurationDelegate : Bootstrapping Spring Data MongoDB repositories in DEFAULT mode.
2023-11-26T22:50:36.453-05:00  INFO 18264 --- [           main] .s.d.r.c.RepositoryConfigurationDelegate : Finished Spring Data repository scanning in 88 ms. Found 6 MongoDB repository interfaces.
2023-11-26T22:50:37.223-05:00  INFO 18264 --- [           main] org.mongodb.driver.client                : MongoClient with metadata {"driver": {"name": "mongo-java-driver|sync|spring-boot", "version": "4.9.1"}, "os": {"type": "Windows", "name": "Windows 11", "architecture": "amd64", "version": "10.0"}, "platform": "Java/Eclipse Adoptium/17.0.7+7"} created with settings MongoClientSettings{readPreference=primary, writeConcern=WriteConcern{w=null, wTimeout=null ms, journal=null}, retryWrites=true, retryReads=true, readConcern=ReadConcern{level=null}, credential=MongoCredential{mechanism=null, userName='sandraalbarracin1710', source='admin', password=<hidden>, mechanismProperties=<hidden>}, streamFactoryFactory=null, commandListeners=[], codecRegistry=ProvidersCodecRegistry{codecProviders=[ValueCodecProvider{}, BsonValueCodecProvider{}, DBRefCodecProvider{}, DBObjectCodecProvider{}, DocumentCodecProvider{}, CollectionCodecProvider{}, IterableCodecProvider{}, MapCodecProvider{}, GeoJsonCodecProvider{}, GridFSFileCodecProvider{}, Jsr310CodecProvider{}, JsonObjectCodecProvider{}, BsonCodecProvider{}, EnumCodecProvider{}, com.mongodb.client.model.mql.ExpressionCodecProvider@7186b202, com.mongodb.Jep395RecordCodecProvider@6b649efa]}, loggerSettings=LoggerSettings{maxDocumentLength=1000}, clusterSettings={hosts=[127.0.0.1:27017], srvHost=clustersandra.mybydkf.mongodb.net, srvServiceName=mongodb, mode=MULTIPLE, requiredClusterType=REPLICA_SET, requiredReplicaSetName='atlas-o8tzlb-shard-0', serverSelector='null', clusterListeners='[]', serverSelectionTimeout='30000 ms', localThreshold='30000 ms'}, socketSettings=SocketSettings{connectTimeoutMS=10000, readTimeoutMS=0, receiveBufferSize=0, sendBufferSize=0}, heartbeatSocketSettings=SocketSettings{connectTimeoutMS=10000, readTimeoutMS=10000, receiveBufferSize=0, sendBufferSize=0}, connectionPoolSettings=ConnectionPoolSettings{maxSize=100, minSize=0, maxWaitTimeMS=120000, maxConnectionLifeTimeMS=0, maxConnectionIdleTimeMS=0, maintenanceInitialDelayMS=0, maintenanceFrequencyMS=60000, connectionPoolListeners=[], maxConnecting=2}, serverSettings=ServerSettings{heartbeatFrequencyMS=10000, minHeartbeatFrequencyMS=500, serverListeners='[]', serverMonitorListeners='[]'}, sslSettings=SslSettings{enabled=true, invalidHostNameAllowed=false, context=null}, applicationName='null', compressorList=[], uuidRepresentation=JAVA_LEGACY, serverApi=null, autoEncryptionSettings=null, contextProvider=null}
2023-11-26T22:50:37.316-05:00  INFO 18264 --- [dkf.mongodb.net] org.mongodb.driver.cluster               : Adding discovered server ac-oddcnv1-shard-00-02.mybydkf.mongodb.net:27017 to client view of cluster
2023-11-26T22:50:37.342-05:00  INFO 18264 --- [dkf.mongodb.net] org.mongodb.driver.cluster               : Adding discovered server ac-oddcnv1-shard-00-00.mybydkf.mongodb.net:27017 to client view of cluster
2023-11-26T22:50:37.345-05:00  INFO 18264 --- [dkf.mongodb.net] org.mongodb.driver.cluster               : Adding discovered server ac-oddcnv1-shard-00-01.mybydkf.mongodb.net:27017 to client view of cluster
2023-11-26T22:50:38.379-05:00  INFO 18264 --- [           main] o.s.b.a.w.s.WelcomePageHandlerMapping    : Adding welcome page template: index
2023-11-26T22:50:38.510-05:00  INFO 18264 --- [ngodb.net:27017] org.mongodb.driver.cluster               : Monitor thread successfully connected to server with description ServerDescription{address=ac-oddcnv1-shard-00-00.mybydkf.mongodb.net:27017, type=REPLICA_SET_SECONDARY, state=CONNECTED, ok=true, minWireVersion=0, maxWireVersion=17, maxDocumentSize=16777216, logicalSessionTimeoutMinutes=30, roundTripTimeNanos=523657700, setName='atlas-o8tzlb-shard-0', canonicalAddress=ac-oddcnv1-shard-00-00.mybydkf.mongodb.net:27017, hosts=[ac-oddcnv1-shard-00-01.mybydkf.mongodb.net:27017, ac-oddcnv1-shard-00-02.mybydkf.mongodb.net:27017, ac-oddcnv1-shard-00-00.mybydkf.mongodb.net:27017], passives=[], arbiters=[], primary='ac-oddcnv1-shard-00-02.mybydkf.mongodb.net:27017', tagSet=TagSet{[Tag{name='nodeType', value='ELECTABLE'}, Tag{name='provider', value='AWS'}, Tag{name='region', value='SA_EAST_1'}, Tag{name='workloadType', value='OPERATIONAL'}]}, electionId=null, setVersion=1, topologyVersion=TopologyVersion{processId=655e51577654a9ee47c9d926, counter=4}, lastWriteDate=Sun Nov 26 22:50:39 COT 2023, lastUpdateTimeNanos=778479436268900}
2023-11-26T22:50:38.510-05:00  INFO 18264 --- [ngodb.net:27017] org.mongodb.driver.cluster               : Monitor thread successfully connected to server with description ServerDescription{address=ac-oddcnv1-shard-00-02.mybydkf.mongodb.net:27017, type=REPLICA_SET_PRIMARY, state=CONNECTED, ok=true, minWireVersion=0, maxWireVersion=17, maxDocumentSize=16777216, logicalSessionTimeoutMinutes=30, roundTripTimeNanos=523798200, setName='atlas-o8tzlb-shard-0', canonicalAddress=ac-oddcnv1-shard-00-02.mybydkf.mongodb.net:27017, hosts=[ac-oddcnv1-shard-00-01.mybydkf.mongodb.net:27017, ac-oddcnv1-shard-00-02.mybydkf.mongodb.net:27017, ac-oddcnv1-shard-00-00.mybydkf.mongodb.net:27017], passives=[], arbiters=[], primary='ac-oddcnv1-shard-00-02.mybydkf.mongodb.net:27017', tagSet=TagSet{[Tag{name='nodeType', value='ELECTABLE'}, Tag{name='provider', value='AWS'}, Tag{name='region', value='SA_EAST_1'}, Tag{name='workloadType', value='OPERATIONAL'}]}, electionId=7fffffff0000000000000056, setVersion=1, topologyVersion=TopologyVersion{processId=655e530bb690d677a6a0ebf4, counter=6}, lastWriteDate=Sun Nov 26 22:50:39 COT 2023, lastUpdateTimeNanos=778479436374200}
2023-11-26T22:50:38.510-05:00  INFO 18264 --- [ngodb.net:27017] org.mongodb.driver.cluster               : Monitor thread successfully connected to server with description ServerDescription{address=ac-oddcnv1-shard-00-01.mybydkf.mongodb.net:27017, type=REPLICA_SET_SECONDARY, state=CONNECTED, ok=true, minWireVersion=0, maxWireVersion=17, maxDocumentSize=16777216, logicalSessionTimeoutMinutes=30, roundTripTimeNanos=523915300, setName='atlas-o8tzlb-shard-0', canonicalAddress=ac-oddcnv1-shard-00-01.mybydkf.mongodb.net:27017, hosts=[ac-oddcnv1-shard-00-01.mybydkf.mongodb.net:27017, ac-oddcnv1-shard-00-02.mybydkf.mongodb.net:27017, ac-oddcnv1-shard-00-00.mybydkf.mongodb.net:27017], passives=[], arbiters=[], primary='ac-oddcnv1-shard-00-02.mybydkf.mongodb.net:27017', tagSet=TagSet{[Tag{name='nodeType', value='ELECTABLE'}, Tag{name='provider', value='AWS'}, Tag{name='region', value='SA_EAST_1'}, Tag{name='workloadType', value='OPERATIONAL'}]}, electionId=null, setVersion=1, topologyVersion=TopologyVersion{processId=655e549bd78c203d83b83f7d, counter=3}, lastWriteDate=Sun Nov 26 22:50:39 COT 2023, lastUpdateTimeNanos=778479436534000}
2023-11-26T22:50:38.519-05:00  INFO 18264 --- [ngodb.net:27017] org.mongodb.driver.cluster               : Discovered replica set primary ac-oddcnv1-shard-00-02.mybydkf.mongodb.net:27017 with max election id 7fffffff0000000000000056 and max set version 1
2023-11-26T22:50:38.659-05:00  INFO 18264 --- [           main] c.e.demo.app.ElArtesanoApplicationTests  : Started ElArtesanoApplicationTests in 3.481 seconds (process running for 4.715)
]]></system-out>
  </testcase>
</testsuite>